c:\users\gonca\projetoeda\projetoeda\x64\debug\vc143.pdb
c:\users\gonca\projetoeda\projetoeda\x64\debug\vc143.idb
c:\users\gonca\projetoeda\projetoeda\x64\debug\program.obj
c:\users\gonca\projetoeda\projetoeda\x64\debug\clientes.obj
c:\users\gonca\projetoeda\x64\debug\projetoeda.pdb
c:\users\gonca\projetoeda\projetoeda\x64\debug\projetoeda.tlog\cl.command.1.tlog
c:\users\gonca\projetoeda\projetoeda\x64\debug\projetoeda.tlog\cl.read.1.tlog
c:\users\gonca\projetoeda\projetoeda\x64\debug\projetoeda.tlog\cl.write.1.tlog
c:\users\gonca\projetoeda\projetoeda\x64\debug\projetoeda.tlog\link-cvtres.read.1.tlog
c:\users\gonca\projetoeda\projetoeda\x64\debug\projetoeda.tlog\link-cvtres.write.1.tlog
c:\users\gonca\projetoeda\projetoeda\x64\debug\projetoeda.tlog\link-rc.read.1.tlog
c:\users\gonca\projetoeda\projetoeda\x64\debug\projetoeda.tlog\link-rc.write.1.tlog
c:\users\gonca\projetoeda\projetoeda\x64\debug\projetoeda.tlog\link.18180-cvtres.read.1.tlog
c:\users\gonca\projetoeda\projetoeda\x64\debug\projetoeda.tlog\link.18180-cvtres.write.1.tlog
c:\users\gonca\projetoeda\projetoeda\x64\debug\projetoeda.tlog\link.18180-rc.read.1.tlog
c:\users\gonca\projetoeda\projetoeda\x64\debug\projetoeda.tlog\link.18180-rc.write.1.tlog
c:\users\gonca\projetoeda\projetoeda\x64\debug\projetoeda.tlog\link.18180.read.1.tlog
c:\users\gonca\projetoeda\projetoeda\x64\debug\projetoeda.tlog\link.18180.read.2.tlog
c:\users\gonca\projetoeda\projetoeda\x64\debug\projetoeda.tlog\link.18180.write.1.tlog
c:\users\gonca\projetoeda\projetoeda\x64\debug\projetoeda.tlog\link.command.1.tlog
c:\users\gonca\projetoeda\projetoeda\x64\debug\projetoeda.tlog\link.read.1.tlog
c:\users\gonca\projetoeda\projetoeda\x64\debug\projetoeda.tlog\link.read.2.tlog
c:\users\gonca\projetoeda\projetoeda\x64\debug\projetoeda.tlog\link.write.1.tlog
